# JRE version: OpenJDK Runtime Environment Temurin-17.0.10+7 (17.0.10+7) (build 17.0.10+7)
# Java VM: OpenJDK 64-Bit Server VM Temurin-17.0.10+7 (17.0.10+7, mixed mode, tiered, compressed oops, compressed class ptrs, g1 gc, windows-amd64)
GC Precious Log:
 CPUs: 4 total, 4 available
 Memory: 8084M
 Large Page Support: Disabled
 NUMA Support: Disabled
 Compressed Oops: Enabled (32-bit)
 Heap Region Size: 1M
 Heap Min Capacity: 8M
 Heap Initial Capacity: 128M
 Heap Max Capacity: 2022M
 Pre-touch: Disabled
 Parallel Workers: 4
 Concurrent Workers: 1
 Concurrent Refinement Workers: 4
 Periodic GC: Disabled
Heap:
 garbage-first heap   total 30720K, used 10953K [0x0000000081a00000, 0x0000000100000000)
  region size 1024K, 3 young (3072K), 1 survivors (1024K)
 Metaspace       used 24886K, committed 25280K, reserved 1114112K
  class space    used 2650K, committed 2880K, reserved 1048576K
GC Heap History (18 events):
Event: 1.241 GC heap before
{Heap before GC invocations=0 (full 0):
 garbage-first heap   total 131072K, used 12288K [0x0000000081a00000, 0x0000000100000000)
  region size 1024K, 13 young (13312K), 0 survivors (0K)
 Metaspace       used 12830K, committed 12992K, reserved 1114112K
  class space    used 1230K, committed 1280K, reserved 1048576K
}
Event: 1.246 GC heap after
{Heap after GC invocations=1 (full 0):
 garbage-first heap   total 131072K, used 4388K [0x0000000081a00000, 0x0000000100000000)
  region size 1024K, 2 young (2048K), 2 survivors (2048K)
 Metaspace       used 12830K, committed 12992K, reserved 1114112K
  class space    used 1230K, committed 1280K, reserved 1048576K
}
Event: 4.259 GC heap before
{Heap before GC invocations=1 (full 0):
 garbage-first heap   total 131072K, used 16676K [0x0000000081a00000, 0x0000000100000000)
  region size 1024K, 14 young (14336K), 2 survivors (2048K)
 Metaspace       used 17152K, committed 17408K, reserved 1114112K
  class space    used 1802K, committed 1920K, reserved 1048576K
}
Event: 4.263 GC heap after
{Heap after GC invocations=2 (full 0):
 garbage-first heap   total 131072K, used 5601K [0x0000000081a00000, 0x0000000100000000)
  region size 1024K, 2 young (2048K), 2 survivors (2048K)
 Metaspace       used 17152K, committed 17408K, reserved 1114112K
  class space    used 1802K, committed 1920K, reserved 1048576K
}
Event: 4.628 GC heap before
{Heap before GC invocations=2 (full 0):
 garbage-first heap   total 131072K, used 14817K [0x0000000081a00000, 0x0000000100000000)
  region size 1024K, 12 young (12288K), 2 survivors (2048K)
 Metaspace       used 21282K, committed 21504K, reserved 1114112K
  class space    used 2239K, committed 2368K, reserved 1048576K
}
Event: 4.633 GC heap after
{Heap after GC invocations=3 (full 0):
 garbage-first heap   total 131072K, used 7381K [0x0000000081a00000, 0x0000000100000000)
  region size 1024K, 3 young (3072K), 3 survivors (3072K)
 Metaspace       used 21282K, committed 21504K, reserved 1114112K
  class space    used 2239K, committed 2368K, reserved 1048576K
}
Event: 13.031 GC heap before
{Heap before GC invocations=4 (full 0):
 garbage-first heap   total 30720K, used 20693K [0x0000000081a00000, 0x0000000100000000)
  region size 1024K, 17 young (17408K), 3 survivors (3072K)
 Metaspace       used 23742K, committed 24000K, reserved 1114112K
  class space    used 2611K, committed 2688K, reserved 1048576K
}
Event: 13.039 GC heap after
{Heap after GC invocations=5 (full 0):
 garbage-first heap   total 30720K, used 8275K [0x0000000081a00000, 0x0000000100000000)
  region size 1024K, 4 young (4096K), 4 survivors (4096K)
 Metaspace       used 23742K, committed 24000K, reserved 1114112K
  class space    used 2611K, committed 2688K, reserved 1048576K
}
Event: 25.007 GC heap before
{Heap before GC invocations=5 (full 0):
 garbage-first heap   total 30720K, used 8275K [0x0000000081a00000, 0x0000000100000000)
  region size 1024K, 5 young (5120K), 4 survivors (4096K)
 Metaspace       used 23793K, committed 24000K, reserved 1114112K
  class space    used 2614K, committed 2688K, reserved 1048576K
}
Event: 25.016 GC heap after
{Heap after GC invocations=6 (full 0):
 garbage-first heap   total 30720K, used 8634K [0x0000000081a00000, 0x0000000100000000)
  region size 1024K, 1 young (1024K), 1 survivors (1024K)
 Metaspace       used 23793K, committed 24000K, reserved 1114112K
  class space    used 2614K, committed 2688K, reserved 1048576K
}
Event: 113.465 GC heap before
{Heap before GC invocations=6 (full 0):
 garbage-first heap   total 30720K, used 19898K [0x0000000081a00000, 0x0000000100000000)
  region size 1024K, 12 young (12288K), 1 survivors (1024K)
 Metaspace       used 24260K, committed 24512K, reserved 1114112K
  class space    used 2617K, committed 2752K, reserved 1048576K
}
Event: 113.466 GC heap after
{Heap after GC invocations=7 (full 0):
 garbage-first heap   total 30720K, used 9116K [0x0000000081a00000, 0x0000000100000000)
  region size 1024K, 2 young (2048K), 2 survivors (2048K)
 Metaspace       used 24260K, committed 24512K, reserved 1114112K
  class space    used 2617K, committed 2752K, reserved 1048576K
}
Event: 251.879 GC heap before
{Heap before GC invocations=7 (full 0):
 garbage-first heap   total 30720K, used 19356K [0x0000000081a00000, 0x0000000100000000)
  region size 1024K, 13 young (13312K), 2 survivors (2048K)
 Metaspace       used 24571K, committed 24896K, reserved 1114112K
  class space    used 2626K, committed 2752K, reserved 1048576K
}
Event: 251.891 GC heap after
{Heap after GC invocations=8 (full 0):
 garbage-first heap   total 30720K, used 9783K [0x0000000081a00000, 0x0000000100000000)
  region size 1024K, 2 young (2048K), 2 survivors (2048K)
 Metaspace       used 24571K, committed 24896K, reserved 1114112K
  class space    used 2626K, committed 2752K, reserved 1048576K
}
Event: 354.923 GC heap before
{Heap before GC invocations=8 (full 0):
 garbage-first heap   total 30720K, used 20023K [0x0000000081a00000, 0x0000000100000000)
  region size 1024K, 13 young (13312K), 2 survivors (2048K)
 Metaspace       used 24812K, committed 25152K, reserved 1114112K
  class space    used 2641K, committed 2816K, reserved 1048576K
}
Event: 354.944 GC heap after
{Heap after GC invocations=9 (full 0):
 garbage-first heap   total 30720K, used 10288K [0x0000000081a00000, 0x0000000100000000)
  region size 1024K, 2 young (2048K), 2 survivors (2048K)
 Metaspace       used 24812K, committed 25152K, reserved 1114112K
  class space    used 2641K, committed 2816K, reserved 1048576K
}
Event: 358.166 GC heap before
{Heap before GC invocations=9 (full 0):
 garbage-first heap   total 30720K, used 20528K [0x0000000081a00000, 0x0000000100000000)
  region size 1024K, 13 young (13312K), 2 survivors (2048K)
 Metaspace       used 24886K, committed 25280K, reserved 1114112K
  class space    used 2650K, committed 2880K, reserved 1048576K
}
Event: 358.169 GC heap after
{Heap after GC invocations=10 (full 0):
 garbage-first heap   total 30720K, used 9929K [0x0000000081a00000, 0x0000000100000000)
  region size 1024K, 1 young (1024K), 1 survivors (1024K)
 Metaspace       used 24886K, committed 25280K, reserved 1114112K
  class space    used 2650K, committed 2880K, reserved 1048576K
}

